Results for imagenet_glide:
              precision    recall  f1-score   support

          ai       0.81      1.00      0.89       500
      nature       0.99      0.77      0.87       500

    accuracy                           0.88      1000
   macro avg       0.90      0.88      0.88      1000
weighted avg       0.90      0.88      0.88      1000

Results for imagenet_midjourney:
              precision    recall  f1-score   support

          ai       0.79      0.84      0.81       500
      nature       0.83      0.77      0.80       500

    accuracy                           0.81      1000
   macro avg       0.81      0.81      0.81      1000
weighted avg       0.81      0.81      0.81      1000

Results for imagenet_ai_0508_adm:
              precision    recall  f1-score   support

          ai       0.82      1.00      0.90       500
      nature       0.99      0.79      0.88       500

    accuracy                           0.89      1000
   macro avg       0.91      0.89      0.89      1000
weighted avg       0.91      0.89      0.89      1000

Results for imagenet_ai_0419_biggan:
              precision    recall  f1-score   support

          ai       0.83      1.00      0.91       500
      nature       1.00      0.79      0.89       500

    accuracy                           0.90      1000
   macro avg       0.91      0.90      0.90      1000
weighted avg       0.91      0.90      0.90      1000

Results for imagenet_ai_0424_wukong:
              precision    recall  f1-score   support

          ai       0.81      0.88      0.84       500
      nature       0.87      0.80      0.83       500

    accuracy                           0.84      1000
   macro avg       0.84      0.84      0.84      1000
weighted avg       0.84      0.84      0.84      1000

Results for imagenet_ai_0424_sdv5:
              precision    recall  f1-score   support

          ai       0.81      0.92      0.86       500
      nature       0.90      0.79      0.84       500

    accuracy                           0.85      1000
   macro avg       0.86      0.85      0.85      1000
weighted avg       0.86      0.85      0.85      1000

Results for imagenet_ai_0419_vqdm:
              precision    recall  f1-score   support

          ai       0.82      0.80      0.81       500
      nature       0.81      0.82      0.81       500

    accuracy                           0.81      1000
   macro avg       0.81      0.81      0.81      1000
weighted avg       0.81      0.81      0.81      1000

